2023-06-22 14:14:55,196 INFO supervisord started with pid 5653
2023-06-22 14:14:56,200 INFO spawned: 'websockets-test_00' with pid 5654
2023-06-22 14:14:56,203 INFO spawned: 'websockets-test_01' with pid 5655
2023-06-22 14:14:56,204 INFO spawned: 'websockets-test_02' with pid 5656
2023-06-22 14:14:56,205 INFO spawned: 'websockets-test_03' with pid 5657
2023-06-22 14:14:57,206 INFO success: websockets-test_00 entered RUNNING state, process has stayed up for > than 1 seconds (startsecs)
2023-06-22 14:14:57,206 INFO success: websockets-test_01 entered RUNNING state, process has stayed up for > than 1 seconds (startsecs)
2023-06-22 14:14:57,206 INFO success: websockets-test_02 entered RUNNING state, process has stayed up for > than 1 seconds (startsecs)
2023-06-22 14:14:57,207 INFO success: websockets-test_03 entered RUNNING state, process has stayed up for > than 1 seconds (startsecs)
2023-06-22 14:16:15,297 WARN received SIGINT indicating exit request
2023-06-22 14:16:15,298 INFO waiting for websockets-test_00, websockets-test_01, websockets-test_02, websockets-test_03 to die
2023-06-22 14:16:15,322 INFO stopped: websockets-test_01 (exit status 0)
2023-06-22 14:16:15,323 INFO stopped: websockets-test_00 (exit status 0)
2023-06-22 14:16:15,323 INFO stopped: websockets-test_02 (exit status 0)
2023-06-22 14:16:15,323 INFO stopped: websockets-test_03 (exit status 0)
2023-06-22 14:18:10,782 INFO supervisord started with pid 5769
2023-06-22 14:18:11,786 INFO spawned: 'websockets-test_00' with pid 5770
2023-06-22 14:18:11,789 INFO spawned: 'websockets-test_01' with pid 5771
2023-06-22 14:18:11,789 INFO spawned: 'websockets-test_02' with pid 5772
2023-06-22 14:18:11,790 INFO spawned: 'websockets-test_03' with pid 5773
2023-06-22 14:18:12,792 INFO success: websockets-test_00 entered RUNNING state, process has stayed up for > than 1 seconds (startsecs)
2023-06-22 14:18:12,792 INFO success: websockets-test_01 entered RUNNING state, process has stayed up for > than 1 seconds (startsecs)
2023-06-22 14:18:12,792 INFO success: websockets-test_02 entered RUNNING state, process has stayed up for > than 1 seconds (startsecs)
2023-06-22 14:18:12,792 INFO success: websockets-test_03 entered RUNNING state, process has stayed up for > than 1 seconds (startsecs)
2023-06-22 14:20:45,972 WARN received SIGINT indicating exit request
2023-06-22 14:20:45,972 INFO waiting for websockets-test_00, websockets-test_01, websockets-test_02, websockets-test_03 to die
2023-06-22 14:20:45,996 INFO stopped: websockets-test_02 (exit status 0)
2023-06-22 14:20:45,997 INFO stopped: websockets-test_00 (exit status 0)
2023-06-22 14:20:45,997 INFO stopped: websockets-test_01 (exit status 0)
2023-06-22 14:20:45,997 INFO stopped: websockets-test_03 (exit status 0)
2023-06-22 14:23:18,476 INFO supervisord started with pid 5890
2023-06-22 14:23:19,477 INFO spawned: 'websockets-test_00' with pid 5891
2023-06-22 14:23:19,479 INFO spawned: 'websockets-test_01' with pid 5892
2023-06-22 14:23:19,479 INFO spawned: 'websockets-test_02' with pid 5893
2023-06-22 14:23:19,480 INFO spawned: 'websockets-test_03' with pid 5894
2023-06-22 14:23:20,482 INFO success: websockets-test_00 entered RUNNING state, process has stayed up for > than 1 seconds (startsecs)
2023-06-22 14:23:20,482 INFO success: websockets-test_01 entered RUNNING state, process has stayed up for > than 1 seconds (startsecs)
2023-06-22 14:23:20,482 INFO success: websockets-test_02 entered RUNNING state, process has stayed up for > than 1 seconds (startsecs)
2023-06-22 14:23:20,482 INFO success: websockets-test_03 entered RUNNING state, process has stayed up for > than 1 seconds (startsecs)
2023-06-22 15:01:04,989 WARN received SIGINT indicating exit request
2023-06-22 15:01:04,990 INFO waiting for websockets-test_00, websockets-test_01, websockets-test_02, websockets-test_03 to die
2023-06-22 15:01:05,015 INFO stopped: websockets-test_00 (exit status 0)
2023-06-22 15:01:05,015 INFO stopped: websockets-test_01 (exit status 0)
2023-06-22 15:01:05,015 INFO stopped: websockets-test_02 (exit status 0)
2023-06-22 15:01:05,015 INFO stopped: websockets-test_03 (exit status 0)
